<?xml version="1.0" encoding="UTF-8"?>
<testng-results ignored="0" total="2" passed="2" failed="0" skipped="0">
  <reporter-output>
  </reporter-output>
  <suite started-at="2022-05-02T00:27:59 IST" name="Suite" finished-at="2022-05-02T00:28:25 IST" duration-ms="26089">
    <groups>
    </groups>
    <test started-at="2022-05-02T00:27:59 IST" name="Test" finished-at="2022-05-02T00:28:25 IST" duration-ms="26089">
      <class name="amazonTest.MyTest">
        <test-method is-config="true" signature="testSetup()[pri:0, instance:amazonTest.MyTest@31c88ec8]" started-at="2022-05-02T00:27:59 IST" name="testSetup" finished-at="2022-05-02T00:28:06 IST" duration-ms="7349" status="PASS">
          <reporter-output>
          </reporter-output>
        </test-method> <!-- testSetup -->
        <test-method signature="Homepage_NavigationActions()[pri:0, instance:amazonTest.MyTest@31c88ec8]" started-at="2022-05-02T00:28:06 IST" name="Homepage_NavigationActions" finished-at="2022-05-02T00:28:09 IST" duration-ms="3084" status="PASS">
          <reporter-output>
          </reporter-output>
        </test-method> <!-- Homepage_NavigationActions -->
        <test-method is-config="true" signature="getResult(org.testng.ITestResult)[pri:0, instance:amazonTest.MyTest@31c88ec8]" started-at="2022-05-02T00:28:09 IST" name="getResult" finished-at="2022-05-02T00:28:09 IST" duration-ms="8" status="PASS">
          <params>
            <param index="0">
              <value>
                <![CDATA[[TestResult name=Homepage_NavigationActions status=SUCCESS method=MyTest.Homepage_NavigationActions()[pri:0, instance:amazonTest.MyTest@31c88ec8] output={null}]]]>
              </value>
            </param>
          </params>
          <reporter-output>
          </reporter-output>
        </test-method> <!-- getResult -->
        <test-method signature="ProductLandingPage()[pri:0, instance:amazonTest.MyTest@31c88ec8]" started-at="2022-05-02T00:28:09 IST" name="ProductLandingPage" finished-at="2022-05-02T00:28:23 IST" depends-on-methods="amazonTest.MyTest.Homepage_NavigationActions" duration-ms="13823" status="PASS">
          <reporter-output>
          </reporter-output>
        </test-method> <!-- ProductLandingPage -->
        <test-method is-config="true" signature="getResult(org.testng.ITestResult)[pri:0, instance:amazonTest.MyTest@31c88ec8]" started-at="2022-05-02T00:28:23 IST" name="getResult" finished-at="2022-05-02T00:28:23 IST" duration-ms="0" status="PASS">
          <params>
            <param index="0">
              <value>
                <![CDATA[[TestResult name=ProductLandingPage status=SUCCESS method=MyTest.ProductLandingPage()[pri:0, instance:amazonTest.MyTest@31c88ec8] output={null}]]]>
              </value>
            </param>
          </params>
          <reporter-output>
          </reporter-output>
        </test-method> <!-- getResult -->
        <test-method is-config="true" signature="teardonw()[pri:0, instance:amazonTest.MyTest@31c88ec8]" started-at="2022-05-02T00:28:23 IST" name="teardonw" finished-at="2022-05-02T00:28:25 IST" duration-ms="1736" status="PASS">
          <reporter-output>
          </reporter-output>
        </test-method> <!-- teardonw -->
      </class> <!-- amazonTest.MyTest -->
    </test> <!-- Test -->
  </suite> <!-- Suite -->
</testng-results>
